\BOOKMARK [0][-]{chapter.1}{Review: Stuff to Have Memorized}{}% 1
\BOOKMARK [1][-]{section.1.1}{Trig Functions and Derivatives}{chapter.1}% 2
\BOOKMARK [1][-]{section.1.2}{Inverse Trig Derivatives}{chapter.1}% 3
\BOOKMARK [1][-]{section.1.3}{How to complete the Square}{chapter.1}% 4
\BOOKMARK [1][-]{section.1.4}{Trig Angle Sums}{chapter.1}% 5
\BOOKMARK [1][-]{section.1.5}{Identities Assorted}{chapter.1}% 6
\BOOKMARK [0][-]{chapter.2}{In-Class Review}{}% 7
\BOOKMARK [1][-]{section.2.1}{Vectors \046 Vector Functions}{chapter.2}% 8
\BOOKMARK [1][-]{section.2.2}{Arc Length}{chapter.2}% 9
\BOOKMARK [2][-]{subsection.2.2.1}{One-Variable Functions}{section.2.2}% 10
\BOOKMARK [2][-]{subsection.2.2.2}{Parametric Functions}{section.2.2}% 11
\BOOKMARK [2][-]{subsection.2.2.3}{Vector Funtions}{section.2.2}% 12
\BOOKMARK [2][-]{subsection.2.2.4}{Reparamerizing with respect to Arc Length}{section.2.2}% 13
\BOOKMARK [1][-]{section.2.3}{Partial Derivatives}{chapter.2}% 14
\BOOKMARK [2][-]{subsection.2.3.1}{Functions of Several Variables}{section.2.3}% 15
\BOOKMARK [2][-]{subsection.2.3.2}{Limits and Continuity with Functions of Several Variables}{section.2.3}% 16
\BOOKMARK [2][-]{subsection.2.3.3}{Higher Partial Derivatives}{section.2.3}% 17
\BOOKMARK [1][-]{section.2.4}{Gradient}{chapter.2}% 18
\BOOKMARK [1][-]{section.2.5}{Chain Rule with Many Variables}{chapter.2}% 19
\BOOKMARK [0][-]{chapter.3}{Multiple Integrals}{}% 20
