\BOOKMARK [0][-]{chapter.1}{Review: Bit Manipulation}{}% 1
\BOOKMARK [1][-]{section.1.1}{Converting to and from Different Bases}{chapter.1}% 2
\BOOKMARK [2][-]{subsection.1.1.1}{Converting from base 10 \040base 2}{section.1.1}% 3
\BOOKMARK [2][-]{subsection.1.1.2}{Converting from base 2 \040base 16}{section.1.1}% 4
\BOOKMARK [2][-]{subsection.1.1.3}{Converting from base 10 \040base 16 \(and vice versa\)}{section.1.1}% 5
\BOOKMARK [0][-]{chapter.2}{Logic Functions and Logic Gates}{}% 6
\BOOKMARK [1][-]{section.2.1}{Or Gate}{chapter.2}% 7
\BOOKMARK [1][-]{section.2.2}{And Gate}{chapter.2}% 8
\BOOKMARK [1][-]{section.2.3}{Inverter}{chapter.2}% 9
\BOOKMARK [1][-]{section.2.4}{XOR}{chapter.2}% 10
\BOOKMARK [0][-]{chapter.3}{Boolean Algebra}{}% 11
\BOOKMARK [1][-]{section.3.1}{Useful Boolean Expression Rules}{chapter.3}% 12
\BOOKMARK [1][-]{section.3.2}{Sum-of-Products \(SOP\)}{chapter.3}% 13
\BOOKMARK [1][-]{section.3.3}{Product of Sums \(POS\)}{chapter.3}% 14
\BOOKMARK [1][-]{section.3.4}{NAND and NOR Logic Networks \(TB 2.7\)}{chapter.3}% 15
\BOOKMARK [1][-]{section.3.5}{Three-Way Light Control \(TB 2.8.1\)}{chapter.3}% 16
\BOOKMARK [0][-]{chapter.4}{How 2 Verilog}{}% 17
\BOOKMARK [1][-]{subsection.4.0.1}{Code: 3-Way Multiplexer}{chapter.4}% 18
\BOOKMARK [1][-]{section.4.1}{Full Adder}{chapter.4}% 19
\BOOKMARK [1][-]{section.4.2}{7-Segment Display}{chapter.4}% 20
\BOOKMARK [2][-]{subsection.4.2.1}{Displaying Numbers}{section.4.2}% 21
\BOOKMARK [1][-]{section.4.3}{FPGA's}{chapter.4}% 22
