\BOOKMARK [1][-]{section.0.1}{Introduction}{}% 1
\BOOKMARK [0][-]{chapter.1}{Qualitative Things and Definitions}{}% 2
\BOOKMARK [1][-]{section.1.1}{Definitions}{chapter.1}% 3
\BOOKMARK [1][-]{section.1.2}{Qualitative Analytic Methods to Know}{chapter.1}% 4
\BOOKMARK [1][-]{section.1.3}{Types of Equilibrium}{chapter.1}% 5
\BOOKMARK [0][-]{chapter.2}{1st Order ODE's}{}% 6
\BOOKMARK [1][-]{section.2.1}{Separable 1st Order ODE's}{chapter.2}% 7
\BOOKMARK [1][-]{section.2.2}{Method of Integrating Factors}{chapter.2}% 8
\BOOKMARK [1][-]{section.2.3}{Exact Equations}{chapter.2}% 9
\BOOKMARK [1][-]{section.2.4}{Modeling with First Order Equations}{chapter.2}% 10
\BOOKMARK [1][-]{section.2.5}{Non-Linear vs. Linear DE's}{chapter.2}% 11
\BOOKMARK [1][-]{section.2.6}{Population Dynamcis with Autonomous Equations}{chapter.2}% 12
\BOOKMARK [2][-]{subsection.2.6.1}{Simple Exponential}{section.2.6}% 13
\BOOKMARK [2][-]{subsection.2.6.2}{Logistic equation}{section.2.6}% 14
\BOOKMARK [0][-]{chapter.3}{Systems of Two 1st Order DE's}{}% 15
\BOOKMARK [1][-]{section.3.1}{Set Up}{chapter.3}% 16
\BOOKMARK [1][-]{section.3.2}{Existence and Uniqueness of Solutions}{chapter.3}% 17
\BOOKMARK [2][-]{subsection.3.2.1}{Linear Autonomous Systems}{section.3.2}% 18
\BOOKMARK [1][-]{section.3.3}{Solving}{chapter.3}% 19
\BOOKMARK [2][-]{subsection.3.3.1}{General Solution}{section.3.3}% 20
\BOOKMARK [2][-]{subsection.3.3.2}{Special Case 1: Repeated Eigen Value}{section.3.3}% 21
\BOOKMARK [2][-]{subsection.3.3.3}{Special Case 2: Two Complex Eigen Values}{section.3.3}% 22
\BOOKMARK [0][-]{chapter.4}{Numerical Methods}{}% 23
\BOOKMARK [1][-]{section.4.1}{Euler's Method}{chapter.4}% 24
\BOOKMARK [2][-]{subsection.4.1.1}{Basic Idea: Integrate The ODE}{section.4.1}% 25
\BOOKMARK [1][-]{section.4.2}{Improved Euler Method}{chapter.4}% 26
\BOOKMARK [1][-]{section.4.3}{Runge Kutta Method}{chapter.4}% 27
\BOOKMARK [1][-]{section.4.4}{Above and Beyond 4th Order}{chapter.4}% 28
